[Product(name=Penne, category=FRUIT, packageGram=500, kCal=500, carbohydrates=50, protein=10, fat=2, unit=GRAM)](10:17:17.300 08-03-2021)
test(10:17:17.470 08-03-2021)
test(10:17:17.471 08-03-2021)
test(10:17:17.471 08-03-2021)
test(10:17:17.472 08-03-2021)
test123(10:17:17.472 08-03-2021)
test(10:17:17.472 08-03-2021)
test(10:17:17.473 08-03-2021)
test(10:17:17.473 08-03-2021)
test(10:17:17.473 08-03-2021)
test(10:17:17.474 08-03-2021)
testend(10:17:17.474 08-03-2021)
[](17:55:15.153 08-03-2021)
[Product(name=Penne, category=FRUIT, packageGram=500, kCal=500, carbohydrates=50, protein=10, fat=2, unit=GRAM)](17:55:58.341 08-03-2021)
test(17:55:58.725 08-03-2021)
test(17:55:58.727 08-03-2021)
test(17:55:58.728 08-03-2021)
test(17:55:58.729 08-03-2021)
test123(17:55:58.730 08-03-2021)
test(17:55:58.731 08-03-2021)
test(17:55:58.732 08-03-2021)
test(17:55:58.733 08-03-2021)
test(17:55:58.735 08-03-2021)
test(17:55:58.736 08-03-2021)
testend(17:55:58.737 08-03-2021)
[Product(name=Penne, category=FRUIT, packageGram=500, kCal=500, carbohydrates=50, protein=10, fat=2, unit=GRAM)](18:00:48.217 08-03-2021)
test(18:00:48.616 08-03-2021)
test(18:00:48.617 08-03-2021)
test(18:00:48.618 08-03-2021)
test(18:00:48.618 08-03-2021)
test123(18:00:48.619 08-03-2021)
test(18:00:48.620 08-03-2021)
test(18:00:48.622 08-03-2021)
test(18:00:48.623 08-03-2021)
test(18:00:48.623 08-03-2021)
test(18:00:48.624 08-03-2021)
testend(18:00:48.625 08-03-2021)
[Product(name=Penne, category=FRUIT, packageGram=500, kCal=500, carbohydrates=50, protein=10, fat=2, unit=GRAM)](18:01:40.135 08-03-2021)
test(18:01:40.452 08-03-2021)
test(18:01:40.454 08-03-2021)
test(18:01:40.454 08-03-2021)
test(18:01:40.455 08-03-2021)
test123(18:01:40.456 08-03-2021)
test(18:01:40.457 08-03-2021)
test(18:01:40.459 08-03-2021)
test(18:01:40.460 08-03-2021)
test(18:01:40.461 08-03-2021)
[Product(name=Penne, category=FRUIT, packageGram=500, kCal=500, carbohydrates=50, protein=10, fat=2, unit=GRAM)](18:02:28.547 08-03-2021)
test(18:02:28.884 08-03-2021)
test(18:02:28.885 08-03-2021)
test(18:02:28.886 08-03-2021)
test(18:02:28.888 08-03-2021)
test123(18:02:28.890 08-03-2021)
test(18:02:28.891 08-03-2021)
test(18:02:28.893 08-03-2021)
test(18:02:28.894 08-03-2021)
test(18:02:28.896 08-03-2021)
test(18:02:28.897 08-03-2021)
testend(18:02:28.899 08-03-2021)
[Product(name=Penne, category=FRUIT, packageGram=500, kCal=500, carbohydrates=50, protein=10, fat=2, unit=GRAM)](18:24:49.919 08-03-2021)
test(18:24:50.214 08-03-2021)
test(18:24:50.215 08-03-2021)
test(18:24:50.215 08-03-2021)
test(18:24:50.216 08-03-2021)
test123(18:24:50.217 08-03-2021)
test(18:24:50.218 08-03-2021)
test(18:24:50.218 08-03-2021)
test(18:24:50.219 08-03-2021)
test(18:24:50.220 08-03-2021)
test(18:24:50.220 08-03-2021)
testend(18:24:50.221 08-03-2021)
[Product(name=Penne, category=FRUIT, packageGram=500, kCal=500, carbohydrates=50, protein=10, fat=2, unit=GRAM)](18:44:54.370 08-03-2021)
test(18:44:54.691 08-03-2021)
test(18:44:54.692 08-03-2021)
test(18:44:54.692 08-03-2021)
test(18:44:54.693 08-03-2021)
test123(18:44:54.694 08-03-2021)
test(18:44:54.695 08-03-2021)
test(18:44:54.696 08-03-2021)
test(18:44:54.696 08-03-2021)
test(18:44:54.697 08-03-2021)
test(18:44:54.698 08-03-2021)
testend(18:44:54.699 08-03-2021)
